<?xml version="1.0" encoding="UTF-8"?>
<!-- Generated by org.testng.reporters.JUnitXMLReporter -->
<testsuite hostname="W00PISVDI247" ignored="0" name="Default test" tests="3" failures="0" timestamp="14 Sep 2017 03:32:10 GMT" time="19.645" errors="0">
  <testcase name="doLogin" time="6.027" classname="testNG.GmailParameterization"/>
  <testcase name="doLogin" time="2.644" classname="testNG.GmailParameterization"/>
  <testcase name="doLogin" time="3.168" classname="testNG.GmailParameterization"/>
</testsuite> <!-- Default test -->
