<?xml version="1.0" encoding="UTF-8"?>
<!-- Generated by org.testng.reporters.JUnitXMLReporter -->
<testsuite hostname="W00PISVDI247" ignored="1" name="DependencyTest" tests="2" failures="0" timestamp="15 Sep 2017 10:53:28 GMT" time="0.007" errors="0">
  <testcase name="doLogin" time="0.001" classname="testNG.TestCase3"/>
  <testcase name="composeEmail" time="0.001" classname="testNG.TestCase3">
    <skipped/>
  </testcase> <!-- composeEmail -->
  <testcase name="validateData" time="0.0" classname="testNG.TestCase3">
    <ignored/>
  </testcase> <!-- validateData -->
</testsuite> <!-- DependencyTest -->
