<?xml version="1.0" encoding="UTF-8"?>
<!-- Generated by org.testng.reporters.JUnitXMLReporter -->
<testsuite hostname="W00PISVDI247" ignored="0" name="ValidateTitleTest" tests="1" failures="1" timestamp="15 Sep 2017 10:53:28 GMT" time="0.037" errors="0">
  <testcase name="validateTitles" time="0.019" classname="testNG.TestCase2">
    <failure type="java.lang.AssertionError" message="expected [yahoo] but found [gmail]">
      <![CDATA[java.lang.AssertionError: expected [yahoo] but found [gmail]
	at testNG.TestCase2.validateTitles(TestCase2.java:21)
... Removed 31 stack frames]]>
    </failure>
  </testcase> <!-- validateTitles -->
</testsuite> <!-- ValidateTitleTest -->
