<?xml version="1.0" encoding="UTF-8"?>
<!-- Generated by org.testng.reporters.JUnitXMLReporter -->
<testsuite hostname="W00PISVDI247" ignored="0" name="Command line test" tests="6" failures="2" timestamp="14 Sep 2017 20:12:07 GMT" time="0.081" errors="0">
  <testcase name="validateData" time="0.002" classname="testNG.TestCase3">
    <failure type="java.lang.AssertionError" message="null">
      <![CDATA[java.lang.AssertionError: null
	at testNG.TestCase3.validateData(TestCase3.java:30)
... Removed 37 stack frames]]>
    </failure>
  </testcase> <!-- validateData -->
  <testcase name="validateTitles" time="0.0" classname="testNG.TestCase2">
    <failure type="java.lang.AssertionError" message="expected [yahoo] but found [gmail]">
      <![CDATA[java.lang.AssertionError: expected [yahoo] but found [gmail]
	at testNG.TestCase2.validateTitles(TestCase2.java:21)
... Removed 41 stack frames]]>
    </failure>
  </testcase> <!-- validateTitles -->
  <testcase name="doLogin" time="0.0" classname="testNG.TestCase3"/>
  <testcase name="doLogin" time="0.0" classname="testNG.TestCase1"/>
  <testcase name="composeEmail" time="0.0" classname="testNG.TestCase3">
    <skipped/>
  </testcase> <!-- composeEmail -->
  <testcase name="composeEmail" time="0.0" classname="testNG.TestCase1"/>
</testsuite> <!-- Command line test -->
