<?xml version="1.0" encoding="UTF-8" ?>
<testsuite tests="6" failures="2" name="TestSuite" time="0.008" errors="0" skipped="1">
  <properties>
[...]
</properties>
  <testcase classname="testNG.TestCase3" name="validateData" time="0.004">
    <failure type="java.lang.AssertionError:">java.lang.AssertionError: null
	at org.testng.Assert.fail(Assert.java:93)
	at org.testng.Assert.fail(Assert.java:100)
	at testNG.TestCase3.validateData(TestCase3.java:30)
</failure>
    <system-out>Configuring TestNG with: org.apache.maven.surefire.testng.conf.TestNG652Configurator@3a4afd8d
open dbconnection
</system-out>
  </testcase>
  <testcase classname="testNG.TestCase2" name="validateTitles" time="0.004">
    <failure message="expected [yahoo] but found [gmail]" type="java.lang.AssertionError">java.lang.AssertionError: expected [yahoo] but found [gmail]
	at org.testng.Assert.fail(Assert.java:93)
	at org.testng.Assert.failNotEquals(Assert.java:512)
	at org.testng.Assert.assertEqualsImpl(Assert.java:134)
	at org.testng.Assert.assertEquals(Assert.java:115)
	at org.testng.Assert.assertEquals(Assert.java:189)
	at org.testng.Assert.assertEquals(Assert.java:199)
	at testNG.TestCase2.validateTitles(TestCase2.java:21)
</failure>
  </testcase>
  <testcase classname="testNG.TestCase3" name="doLogin" time="0"/>
  <testcase classname="testNG.TestCase1" name="doLogin" time="0"/>
  <testcase classname="testNG.TestCase3" name="composeEmail" time="0">
    <skipped/>
    <system-out>close browser
Executing composemail
</system-out>
  </testcase>
  <testcase classname="testNG.TestCase1" name="composeEmail" time="0"/>
</testsuite>